{"total": {"lines":{"total":773,"covered":773,"skipped":0,"pct":100},"statements":{"total":1722,"covered":1696,"skipped":0,"pct":98.49},"functions":{"total":267,"covered":267,"skipped":0,"pct":100},"branches":{"total":1765,"covered":1704,"skipped":0,"pct":96.54},"branchesTrue":{"total":0,"covered":0,"skipped":0,"pct":100}}
,"/private/tmp/atlas-parking-publish/map_new/src/core/analysis.js": {"lines":{"total":66,"covered":66,"skipped":0,"pct":100},"functions":{"total":20,"covered":20,"skipped":0,"pct":100},"statements":{"total":159,"covered":156,"skipped":0,"pct":98.11},"branches":{"total":181,"covered":174,"skipped":0,"pct":96.13}}
,"/private/tmp/atlas-parking-publish/map_new/src/core/camera.js": {"lines":{"total":4,"covered":4,"skipped":0,"pct":100},"functions":{"total":1,"covered":1,"skipped":0,"pct":100},"statements":{"total":6,"covered":6,"skipped":0,"pct":100},"branches":{"total":4,"covered":4,"skipped":0,"pct":100}}
,"/private/tmp/atlas-parking-publish/map_new/src/core/charging.js": {"lines":{"total":22,"covered":22,"skipped":0,"pct":100},"functions":{"total":16,"covered":16,"skipped":0,"pct":100},"statements":{"total":58,"covered":58,"skipped":0,"pct":100},"branches":{"total":82,"covered":81,"skipped":0,"pct":98.78}}
,"/private/tmp/atlas-parking-publish/map_new/src/core/collision.js": {"lines":{"total":27,"covered":27,"skipped":0,"pct":100},"functions":{"total":7,"covered":7,"skipped":0,"pct":100},"statements":{"total":51,"covered":51,"skipped":0,"pct":100},"branches":{"total":48,"covered":48,"skipped":0,"pct":100}}
,"/private/tmp/atlas-parking-publish/map_new/src/core/departure.js": {"lines":{"total":43,"covered":43,"skipped":0,"pct":100},"functions":{"total":13,"covered":13,"skipped":0,"pct":100},"statements":{"total":88,"covered":84,"skipped":0,"pct":95.45},"branches":{"total":59,"covered":53,"skipped":0,"pct":89.83}}
,"/private/tmp/atlas-parking-publish/map_new/src/core/detect-parking.js": {"lines":{"total":55,"covered":55,"skipped":0,"pct":100},"functions":{"total":18,"covered":18,"skipped":0,"pct":100},"statements":{"total":117,"covered":117,"skipped":0,"pct":100},"branches":{"total":117,"covered":116,"skipped":0,"pct":99.14}}
,"/private/tmp/atlas-parking-publish/map_new/src/core/driving.js": {"lines":{"total":12,"covered":12,"skipped":0,"pct":100},"functions":{"total":4,"covered":4,"skipped":0,"pct":100},"statements":{"total":21,"covered":21,"skipped":0,"pct":100},"branches":{"total":39,"covered":39,"skipped":0,"pct":100}}
,"/private/tmp/atlas-parking-publish/map_new/src/core/geometry.js": {"lines":{"total":20,"covered":20,"skipped":0,"pct":100},"functions":{"total":5,"covered":5,"skipped":0,"pct":100},"statements":{"total":30,"covered":30,"skipped":0,"pct":100},"branches":{"total":63,"covered":62,"skipped":0,"pct":98.41}}
,"/private/tmp/atlas-parking-publish/map_new/src/core/georeference.js": {"lines":{"total":15,"covered":15,"skipped":0,"pct":100},"functions":{"total":12,"covered":12,"skipped":0,"pct":100},"statements":{"total":42,"covered":41,"skipped":0,"pct":97.61},"branches":{"total":15,"covered":14,"skipped":0,"pct":93.33}}
,"/private/tmp/atlas-parking-publish/map_new/src/core/layers.js": {"lines":{"total":23,"covered":23,"skipped":0,"pct":100},"functions":{"total":19,"covered":19,"skipped":0,"pct":100},"statements":{"total":79,"covered":79,"skipped":0,"pct":100},"branches":{"total":41,"covered":37,"skipped":0,"pct":90.24}}
,"/private/tmp/atlas-parking-publish/map_new/src/core/maneuver.js": {"lines":{"total":105,"covered":105,"skipped":0,"pct":100},"functions":{"total":32,"covered":32,"skipped":0,"pct":100},"statements":{"total":281,"covered":275,"skipped":0,"pct":97.86},"branches":{"total":205,"covered":192,"skipped":0,"pct":93.65}}
,"/private/tmp/atlas-parking-publish/map_new/src/core/navigation.js": {"lines":{"total":116,"covered":116,"skipped":0,"pct":100},"functions":{"total":36,"covered":36,"skipped":0,"pct":100},"statements":{"total":253,"covered":246,"skipped":0,"pct":97.23},"branches":{"total":296,"covered":286,"skipped":0,"pct":96.62}}
,"/private/tmp/atlas-parking-publish/map_new/src/core/parking.js": {"lines":{"total":75,"covered":75,"skipped":0,"pct":100},"functions":{"total":22,"covered":22,"skipped":0,"pct":100},"statements":{"total":165,"covered":162,"skipped":0,"pct":98.18},"branches":{"total":119,"covered":115,"skipped":0,"pct":96.63}}
,"/private/tmp/atlas-parking-publish/map_new/src/core/playback.js": {"lines":{"total":17,"covered":17,"skipped":0,"pct":100},"functions":{"total":3,"covered":3,"skipped":0,"pct":100},"statements":{"total":39,"covered":39,"skipped":0,"pct":100},"branches":{"total":36,"covered":34,"skipped":0,"pct":94.44}}
,"/private/tmp/atlas-parking-publish/map_new/src/core/radio.js": {"lines":{"total":33,"covered":33,"skipped":0,"pct":100},"functions":{"total":17,"covered":17,"skipped":0,"pct":100},"statements":{"total":82,"covered":82,"skipped":0,"pct":100},"branches":{"total":134,"covered":133,"skipped":0,"pct":99.25}}
,"/private/tmp/atlas-parking-publish/map_new/src/core/raster-evidence.js": {"lines":{"total":35,"covered":35,"skipped":0,"pct":100},"functions":{"total":5,"covered":5,"skipped":0,"pct":100},"statements":{"total":61,"covered":60,"skipped":0,"pct":98.36},"branches":{"total":68,"covered":66,"skipped":0,"pct":97.05}}
,"/private/tmp/atlas-parking-publish/map_new/src/core/route-coverage.js": {"lines":{"total":25,"covered":25,"skipped":0,"pct":100},"functions":{"total":18,"covered":18,"skipped":0,"pct":100},"statements":{"total":49,"covered":49,"skipped":0,"pct":100},"branches":{"total":52,"covered":51,"skipped":0,"pct":98.07}}
,"/private/tmp/atlas-parking-publish/map_new/src/core/route-graph.js": {"lines":{"total":15,"covered":15,"skipped":0,"pct":100},"functions":{"total":6,"covered":6,"skipped":0,"pct":100},"statements":{"total":33,"covered":33,"skipped":0,"pct":100},"branches":{"total":42,"covered":42,"skipped":0,"pct":100}}
,"/private/tmp/atlas-parking-publish/map_new/src/core/structures.js": {"lines":{"total":4,"covered":4,"skipped":0,"pct":100},"functions":{"total":1,"covered":1,"skipped":0,"pct":100},"statements":{"total":7,"covered":7,"skipped":0,"pct":100},"branches":{"total":6,"covered":6,"skipped":0,"pct":100}}
,"/private/tmp/atlas-parking-publish/map_new/src/vendor/analysis-v1.js": {"lines":{"total":61,"covered":61,"skipped":0,"pct":100},"functions":{"total":12,"covered":12,"skipped":0,"pct":100},"statements":{"total":101,"covered":100,"skipped":0,"pct":99},"branches":{"total":158,"covered":151,"skipped":0,"pct":95.56}}
}
