{"total": {"lines":{"total":387,"covered":387,"skipped":0,"pct":100},"statements":{"total":717,"covered":709,"skipped":0,"pct":98.88},"functions":{"total":154,"covered":149,"skipped":0,"pct":96.75},"branches":{"total":571,"covered":558,"skipped":0,"pct":97.72},"branchesTrue":{"total":0,"covered":0,"skipped":0,"pct":100}}
,"/Users/jonghokim/Workspace/hackerton/dopamin/src/audio/effects.ts": {"lines":{"total":17,"covered":17,"skipped":0,"pct":100},"functions":{"total":2,"covered":2,"skipped":0,"pct":100},"statements":{"total":30,"covered":30,"skipped":0,"pct":100},"branches":{"total":40,"covered":40,"skipped":0,"pct":100}}
,"/Users/jonghokim/Workspace/hackerton/dopamin/src/audio/music.ts": {"lines":{"total":21,"covered":21,"skipped":0,"pct":100},"functions":{"total":5,"covered":5,"skipped":0,"pct":100},"statements":{"total":36,"covered":36,"skipped":0,"pct":100},"branches":{"total":44,"covered":44,"skipped":0,"pct":100}}
,"/Users/jonghokim/Workspace/hackerton/dopamin/src/audio/raceSound.ts": {"lines":{"total":61,"covered":61,"skipped":0,"pct":100},"functions":{"total":21,"covered":19,"skipped":0,"pct":90.47},"statements":{"total":147,"covered":145,"skipped":0,"pct":98.63},"branches":{"total":114,"covered":111,"skipped":0,"pct":97.36}}
,"/Users/jonghokim/Workspace/hackerton/dopamin/src/audio/synth.ts": {"lines":{"total":33,"covered":33,"skipped":0,"pct":100},"functions":{"total":12,"covered":12,"skipped":0,"pct":100},"statements":{"total":98,"covered":98,"skipped":0,"pct":100},"branches":{"total":26,"covered":26,"skipped":0,"pct":100}}
,"/Users/jonghokim/Workspace/hackerton/dopamin/src/core/catalog.ts": {"lines":{"total":10,"covered":10,"skipped":0,"pct":100},"functions":{"total":3,"covered":3,"skipped":0,"pct":100},"statements":{"total":11,"covered":11,"skipped":0,"pct":100},"branches":{"total":7,"covered":7,"skipped":0,"pct":100}}
,"/Users/jonghokim/Workspace/hackerton/dopamin/src/core/characters.ts": {"lines":{"total":2,"covered":2,"skipped":0,"pct":100},"functions":{"total":1,"covered":1,"skipped":0,"pct":100},"statements":{"total":2,"covered":2,"skipped":0,"pct":100},"branches":{"total":2,"covered":2,"skipped":0,"pct":100}}
,"/Users/jonghokim/Workspace/hackerton/dopamin/src/core/coffee.ts": {"lines":{"total":11,"covered":11,"skipped":0,"pct":100},"functions":{"total":6,"covered":6,"skipped":0,"pct":100},"statements":{"total":16,"covered":16,"skipped":0,"pct":100},"branches":{"total":12,"covered":12,"skipped":0,"pct":100}}
,"/Users/jonghokim/Workspace/hackerton/dopamin/src/core/presentation.ts": {"lines":{"total":29,"covered":29,"skipped":0,"pct":100},"functions":{"total":13,"covered":13,"skipped":0,"pct":100},"statements":{"total":41,"covered":41,"skipped":0,"pct":100},"branches":{"total":56,"covered":56,"skipped":0,"pct":100}}
,"/Users/jonghokim/Workspace/hackerton/dopamin/src/core/race.ts": {"lines":{"total":126,"covered":126,"skipped":0,"pct":100},"functions":{"total":40,"covered":40,"skipped":0,"pct":100},"statements":{"total":196,"covered":194,"skipped":0,"pct":98.97},"branches":{"total":214,"covered":209,"skipped":0,"pct":97.66}}
,"/Users/jonghokim/Workspace/hackerton/dopamin/src/core/storage.ts": {"lines":{"total":27,"covered":27,"skipped":0,"pct":100},"functions":{"total":29,"covered":26,"skipped":0,"pct":89.65},"statements":{"total":49,"covered":45,"skipped":0,"pct":91.83},"branches":{"total":6,"covered":2,"skipped":0,"pct":33.33}}
,"/Users/jonghokim/Workspace/hackerton/dopamin/src/core/types.ts": {"lines":{"total":0,"covered":0,"skipped":0,"pct":0},"functions":{"total":0,"covered":0,"skipped":0,"pct":0},"statements":{"total":0,"covered":0,"skipped":0,"pct":0},"branches":{"total":0,"covered":0,"skipped":0,"pct":0}}
,"/Users/jonghokim/Workspace/hackerton/dopamin/src/core/voice.ts": {"lines":{"total":50,"covered":50,"skipped":0,"pct":100},"functions":{"total":22,"covered":22,"skipped":0,"pct":100},"statements":{"total":91,"covered":91,"skipped":0,"pct":100},"branches":{"total":50,"covered":49,"skipped":0,"pct":98}}
}
