{"total": {"lines":{"total":505,"covered":505,"skipped":0,"pct":100},"statements":{"total":1096,"covered":1084,"skipped":0,"pct":98.9},"functions":{"total":189,"covered":189,"skipped":0,"pct":100},"branches":{"total":1132,"covered":1093,"skipped":0,"pct":96.55},"branchesTrue":{"total":0,"covered":0,"skipped":0,"pct":100}}
,"/Users/jonghokim/Workspace/hackerton/map_new/src/core/analysis.js": {"lines":{"total":62,"covered":62,"skipped":0,"pct":100},"functions":{"total":20,"covered":20,"skipped":0,"pct":100},"statements":{"total":142,"covered":138,"skipped":0,"pct":97.18},"branches":{"total":154,"covered":145,"skipped":0,"pct":94.15}}
,"/Users/jonghokim/Workspace/hackerton/map_new/src/core/camera.js": {"lines":{"total":4,"covered":4,"skipped":0,"pct":100},"functions":{"total":1,"covered":1,"skipped":0,"pct":100},"statements":{"total":6,"covered":6,"skipped":0,"pct":100},"branches":{"total":4,"covered":4,"skipped":0,"pct":100}}
,"/Users/jonghokim/Workspace/hackerton/map_new/src/core/charging.js": {"lines":{"total":22,"covered":22,"skipped":0,"pct":100},"functions":{"total":16,"covered":16,"skipped":0,"pct":100},"statements":{"total":58,"covered":58,"skipped":0,"pct":100},"branches":{"total":82,"covered":81,"skipped":0,"pct":98.78}}
,"/Users/jonghokim/Workspace/hackerton/map_new/src/core/collision.js": {"lines":{"total":22,"covered":22,"skipped":0,"pct":100},"functions":{"total":7,"covered":7,"skipped":0,"pct":100},"statements":{"total":44,"covered":44,"skipped":0,"pct":100},"branches":{"total":36,"covered":36,"skipped":0,"pct":100}}
,"/Users/jonghokim/Workspace/hackerton/map_new/src/core/detect-parking.js": {"lines":{"total":55,"covered":55,"skipped":0,"pct":100},"functions":{"total":18,"covered":18,"skipped":0,"pct":100},"statements":{"total":117,"covered":117,"skipped":0,"pct":100},"branches":{"total":117,"covered":116,"skipped":0,"pct":99.14}}
,"/Users/jonghokim/Workspace/hackerton/map_new/src/core/geometry.js": {"lines":{"total":18,"covered":18,"skipped":0,"pct":100},"functions":{"total":5,"covered":5,"skipped":0,"pct":100},"statements":{"total":28,"covered":28,"skipped":0,"pct":100},"branches":{"total":40,"covered":39,"skipped":0,"pct":97.5}}
,"/Users/jonghokim/Workspace/hackerton/map_new/src/core/georeference.js": {"lines":{"total":15,"covered":15,"skipped":0,"pct":100},"functions":{"total":12,"covered":12,"skipped":0,"pct":100},"statements":{"total":42,"covered":41,"skipped":0,"pct":97.61},"branches":{"total":15,"covered":14,"skipped":0,"pct":93.33}}
,"/Users/jonghokim/Workspace/hackerton/map_new/src/core/layers.js": {"lines":{"total":23,"covered":23,"skipped":0,"pct":100},"functions":{"total":19,"covered":19,"skipped":0,"pct":100},"statements":{"total":79,"covered":79,"skipped":0,"pct":100},"branches":{"total":41,"covered":37,"skipped":0,"pct":90.24}}
,"/Users/jonghokim/Workspace/hackerton/map_new/src/core/navigation.js": {"lines":{"total":90,"covered":90,"skipped":0,"pct":100},"functions":{"total":37,"covered":37,"skipped":0,"pct":100},"statements":{"total":190,"covered":188,"skipped":0,"pct":98.94},"branches":{"total":186,"covered":184,"skipped":0,"pct":98.92}}
,"/Users/jonghokim/Workspace/hackerton/map_new/src/core/parking.js": {"lines":{"total":65,"covered":65,"skipped":0,"pct":100},"functions":{"total":20,"covered":20,"skipped":0,"pct":100},"statements":{"total":146,"covered":143,"skipped":0,"pct":97.94},"branches":{"total":97,"covered":91,"skipped":0,"pct":93.81}}
,"/Users/jonghokim/Workspace/hackerton/map_new/src/core/radio.js": {"lines":{"total":33,"covered":33,"skipped":0,"pct":100},"functions":{"total":17,"covered":17,"skipped":0,"pct":100},"statements":{"total":82,"covered":82,"skipped":0,"pct":100},"branches":{"total":134,"covered":133,"skipped":0,"pct":99.25}}
,"/Users/jonghokim/Workspace/hackerton/map_new/src/core/raster-evidence.js": {"lines":{"total":35,"covered":35,"skipped":0,"pct":100},"functions":{"total":5,"covered":5,"skipped":0,"pct":100},"statements":{"total":61,"covered":60,"skipped":0,"pct":98.36},"branches":{"total":68,"covered":66,"skipped":0,"pct":97.05}}
,"/Users/jonghokim/Workspace/hackerton/map_new/src/vendor/analysis-v1.js": {"lines":{"total":61,"covered":61,"skipped":0,"pct":100},"functions":{"total":12,"covered":12,"skipped":0,"pct":100},"statements":{"total":101,"covered":100,"skipped":0,"pct":99},"branches":{"total":158,"covered":147,"skipped":0,"pct":93.03}}
}
