{"total": {"lines":{"total":308,"covered":308,"skipped":0,"pct":100},"statements":{"total":674,"covered":668,"skipped":0,"pct":99.1},"functions":{"total":135,"covered":135,"skipped":0,"pct":100},"branches":{"total":760,"covered":731,"skipped":0,"pct":96.18},"branchesTrue":{"total":0,"covered":0,"skipped":0,"pct":100}}
,"/Users/jonghokim/Workspace/hackerton/map_new/src/core/analysis.js": {"lines":{"total":51,"covered":51,"skipped":0,"pct":100},"functions":{"total":19,"covered":19,"skipped":0,"pct":100},"statements":{"total":113,"covered":110,"skipped":0,"pct":97.34},"branches":{"total":116,"covered":108,"skipped":0,"pct":93.1}}
,"/Users/jonghokim/Workspace/hackerton/map_new/src/core/camera.js": {"lines":{"total":4,"covered":4,"skipped":0,"pct":100},"functions":{"total":1,"covered":1,"skipped":0,"pct":100},"statements":{"total":6,"covered":6,"skipped":0,"pct":100},"branches":{"total":4,"covered":4,"skipped":0,"pct":100}}
,"/Users/jonghokim/Workspace/hackerton/map_new/src/core/charging.js": {"lines":{"total":22,"covered":22,"skipped":0,"pct":100},"functions":{"total":16,"covered":16,"skipped":0,"pct":100},"statements":{"total":58,"covered":58,"skipped":0,"pct":100},"branches":{"total":82,"covered":81,"skipped":0,"pct":98.78}}
,"/Users/jonghokim/Workspace/hackerton/map_new/src/core/geometry.js": {"lines":{"total":18,"covered":18,"skipped":0,"pct":100},"functions":{"total":5,"covered":5,"skipped":0,"pct":100},"statements":{"total":28,"covered":28,"skipped":0,"pct":100},"branches":{"total":40,"covered":39,"skipped":0,"pct":97.5}}
,"/Users/jonghokim/Workspace/hackerton/map_new/src/core/georeference.js": {"lines":{"total":15,"covered":15,"skipped":0,"pct":100},"functions":{"total":12,"covered":12,"skipped":0,"pct":100},"statements":{"total":42,"covered":41,"skipped":0,"pct":97.61},"branches":{"total":15,"covered":14,"skipped":0,"pct":93.33}}
,"/Users/jonghokim/Workspace/hackerton/map_new/src/core/layers.js": {"lines":{"total":23,"covered":23,"skipped":0,"pct":100},"functions":{"total":19,"covered":19,"skipped":0,"pct":100},"statements":{"total":79,"covered":79,"skipped":0,"pct":100},"branches":{"total":41,"covered":37,"skipped":0,"pct":90.24}}
,"/Users/jonghokim/Workspace/hackerton/map_new/src/core/navigation.js": {"lines":{"total":81,"covered":81,"skipped":0,"pct":100},"functions":{"total":34,"covered":34,"skipped":0,"pct":100},"statements":{"total":165,"covered":164,"skipped":0,"pct":99.39},"branches":{"total":170,"covered":169,"skipped":0,"pct":99.41}}
,"/Users/jonghokim/Workspace/hackerton/map_new/src/core/radio.js": {"lines":{"total":33,"covered":33,"skipped":0,"pct":100},"functions":{"total":17,"covered":17,"skipped":0,"pct":100},"statements":{"total":82,"covered":82,"skipped":0,"pct":100},"branches":{"total":134,"covered":133,"skipped":0,"pct":99.25}}
,"/Users/jonghokim/Workspace/hackerton/map_new/src/vendor/analysis-v1.js": {"lines":{"total":61,"covered":61,"skipped":0,"pct":100},"functions":{"total":12,"covered":12,"skipped":0,"pct":100},"statements":{"total":101,"covered":100,"skipped":0,"pct":99},"branches":{"total":158,"covered":146,"skipped":0,"pct":92.4}}
}
