{"total": {"lines":{"total":666,"covered":666,"skipped":0,"pct":100},"statements":{"total":1507,"covered":1484,"skipped":0,"pct":98.47},"functions":{"total":226,"covered":226,"skipped":0,"pct":100},"branches":{"total":1551,"covered":1493,"skipped":0,"pct":96.26},"branchesTrue":{"total":0,"covered":0,"skipped":0,"pct":100}}
,"/private/tmp/atlas-parking-publish/map_new/src/core/analysis.js": {"lines":{"total":66,"covered":66,"skipped":0,"pct":100},"functions":{"total":20,"covered":20,"skipped":0,"pct":100},"statements":{"total":159,"covered":156,"skipped":0,"pct":98.11},"branches":{"total":181,"covered":174,"skipped":0,"pct":96.13}}
,"/private/tmp/atlas-parking-publish/map_new/src/core/camera.js": {"lines":{"total":4,"covered":4,"skipped":0,"pct":100},"functions":{"total":1,"covered":1,"skipped":0,"pct":100},"statements":{"total":6,"covered":6,"skipped":0,"pct":100},"branches":{"total":4,"covered":4,"skipped":0,"pct":100}}
,"/private/tmp/atlas-parking-publish/map_new/src/core/charging.js": {"lines":{"total":22,"covered":22,"skipped":0,"pct":100},"functions":{"total":16,"covered":16,"skipped":0,"pct":100},"statements":{"total":58,"covered":58,"skipped":0,"pct":100},"branches":{"total":82,"covered":81,"skipped":0,"pct":98.78}}
,"/private/tmp/atlas-parking-publish/map_new/src/core/collision.js": {"lines":{"total":27,"covered":27,"skipped":0,"pct":100},"functions":{"total":7,"covered":7,"skipped":0,"pct":100},"statements":{"total":51,"covered":51,"skipped":0,"pct":100},"branches":{"total":48,"covered":48,"skipped":0,"pct":100}}
,"/private/tmp/atlas-parking-publish/map_new/src/core/detect-parking.js": {"lines":{"total":55,"covered":55,"skipped":0,"pct":100},"functions":{"total":18,"covered":18,"skipped":0,"pct":100},"statements":{"total":117,"covered":117,"skipped":0,"pct":100},"branches":{"total":117,"covered":116,"skipped":0,"pct":99.14}}
,"/private/tmp/atlas-parking-publish/map_new/src/core/geometry.js": {"lines":{"total":20,"covered":20,"skipped":0,"pct":100},"functions":{"total":5,"covered":5,"skipped":0,"pct":100},"statements":{"total":30,"covered":30,"skipped":0,"pct":100},"branches":{"total":63,"covered":62,"skipped":0,"pct":98.41}}
,"/private/tmp/atlas-parking-publish/map_new/src/core/georeference.js": {"lines":{"total":15,"covered":15,"skipped":0,"pct":100},"functions":{"total":12,"covered":12,"skipped":0,"pct":100},"statements":{"total":42,"covered":41,"skipped":0,"pct":97.61},"branches":{"total":15,"covered":14,"skipped":0,"pct":93.33}}
,"/private/tmp/atlas-parking-publish/map_new/src/core/layers.js": {"lines":{"total":23,"covered":23,"skipped":0,"pct":100},"functions":{"total":19,"covered":19,"skipped":0,"pct":100},"statements":{"total":79,"covered":79,"skipped":0,"pct":100},"branches":{"total":41,"covered":37,"skipped":0,"pct":90.24}}
,"/private/tmp/atlas-parking-publish/map_new/src/core/maneuver.js": {"lines":{"total":105,"covered":105,"skipped":0,"pct":100},"functions":{"total":32,"covered":32,"skipped":0,"pct":100},"statements":{"total":280,"covered":273,"skipped":0,"pct":97.5},"branches":{"total":205,"covered":190,"skipped":0,"pct":92.68}}
,"/private/tmp/atlas-parking-publish/map_new/src/core/navigation.js": {"lines":{"total":111,"covered":111,"skipped":0,"pct":100},"functions":{"total":37,"covered":37,"skipped":0,"pct":100},"statements":{"total":243,"covered":236,"skipped":0,"pct":97.11},"branches":{"total":280,"covered":270,"skipped":0,"pct":96.42}}
,"/private/tmp/atlas-parking-publish/map_new/src/core/parking.js": {"lines":{"total":68,"covered":68,"skipped":0,"pct":100},"functions":{"total":21,"covered":21,"skipped":0,"pct":100},"statements":{"total":152,"covered":149,"skipped":0,"pct":98.02},"branches":{"total":113,"covered":108,"skipped":0,"pct":95.57}}
,"/private/tmp/atlas-parking-publish/map_new/src/core/playback.js": {"lines":{"total":17,"covered":17,"skipped":0,"pct":100},"functions":{"total":3,"covered":3,"skipped":0,"pct":100},"statements":{"total":39,"covered":39,"skipped":0,"pct":100},"branches":{"total":36,"covered":33,"skipped":0,"pct":91.66}}
,"/private/tmp/atlas-parking-publish/map_new/src/core/radio.js": {"lines":{"total":33,"covered":33,"skipped":0,"pct":100},"functions":{"total":17,"covered":17,"skipped":0,"pct":100},"statements":{"total":82,"covered":82,"skipped":0,"pct":100},"branches":{"total":134,"covered":133,"skipped":0,"pct":99.25}}
,"/private/tmp/atlas-parking-publish/map_new/src/core/raster-evidence.js": {"lines":{"total":35,"covered":35,"skipped":0,"pct":100},"functions":{"total":5,"covered":5,"skipped":0,"pct":100},"statements":{"total":61,"covered":60,"skipped":0,"pct":98.36},"branches":{"total":68,"covered":66,"skipped":0,"pct":97.05}}
,"/private/tmp/atlas-parking-publish/map_new/src/core/structures.js": {"lines":{"total":4,"covered":4,"skipped":0,"pct":100},"functions":{"total":1,"covered":1,"skipped":0,"pct":100},"statements":{"total":7,"covered":7,"skipped":0,"pct":100},"branches":{"total":6,"covered":6,"skipped":0,"pct":100}}
,"/private/tmp/atlas-parking-publish/map_new/src/vendor/analysis-v1.js": {"lines":{"total":61,"covered":61,"skipped":0,"pct":100},"functions":{"total":12,"covered":12,"skipped":0,"pct":100},"statements":{"total":101,"covered":100,"skipped":0,"pct":99},"branches":{"total":158,"covered":151,"skipped":0,"pct":95.56}}
}
